<?xml version="1.0" encoding="UTF-8"?>
<coverage generated="1602879688112" clover="3.2.0">
  <project timestamp="1602879688112" name="All files">
    <metrics statements="13" coveredstatements="13" conditionals="9" coveredconditionals="7" methods="4" coveredmethods="4" elements="26" coveredelements="24" complexity="0" loc="13" ncloc="13" packages="2" files="2" classes="2"/>
    <package name="lib">
      <metrics statements="1" coveredstatements="1" conditionals="0" coveredconditionals="0" methods="0" coveredmethods="0"/>
      <file name="index.js" path="/home/ramin/Documents/babel-plugin-hoist-regex/lib/index.js">
        <metrics statements="1" coveredstatements="1" conditionals="0" coveredconditionals="0" methods="0" coveredmethods="0"/>
        <line num="1" count="1" type="stmt"/>
      </file>
    </package>
    <package name="lib.rules">
      <metrics statements="12" coveredstatements="12" conditionals="9" coveredconditionals="7" methods="4" coveredmethods="4"/>
      <file name="babel-plugin-hoist-regex.js" path="/home/ramin/Documents/babel-plugin-hoist-regex/lib/rules/babel-plugin-hoist-regex.js">
        <metrics statements="12" coveredstatements="12" conditionals="9" coveredconditionals="7" methods="4" coveredmethods="4"/>
        <line num="2" count="6" type="stmt"/>
        <line num="3" count="6" type="stmt"/>
        <line num="6" count="6" type="stmt"/>
        <line num="7" count="6" type="stmt"/>
        <line num="8" count="6" type="stmt"/>
        <line num="9" count="6" type="stmt"/>
        <line num="13" count="3" type="stmt"/>
        <line num="22" count="1" type="stmt"/>
        <line num="23" count="1" type="stmt"/>
        <line num="25" count="1" type="stmt"/>
        <line num="29" count="6" type="cond" truecount="3" falsecount="1"/>
        <line num="30" count="6" type="stmt"/>
      </file>
    </package>
  </project>
</coverage>
