{"/home/ramin/Desktop/babel-plugin-hoist-regex/lib/index.js": {"path":"/home/ramin/Desktop/babel-plugin-hoist-regex/lib/index.js","statementMap":{"0":{"start":{"line":1,"column":30},"end":{"line":1,"column":73}},"1":{"start":{"line":2,"column":0},"end":{"line":2,"column":38}}},"fnMap":{},"branchMap":{},"s":{"0":1,"1":1},"f":{},"b":{},"_coverageSchema":"43e27e138ebf9cfc5966b082cf9a028302ed4184","hash":"146958f9e07e927489cc742fd1cfcec417d27b5b"}
,"/home/ramin/Desktop/babel-plugin-hoist-regex/lib/rules/babel-plugin-hoist-regex.js": {"path":"/home/ramin/Desktop/babel-plugin-hoist-regex/lib/rules/babel-plugin-hoist-regex.js","statementMap":{"0":{"start":{"line":2,"column":21},"end":{"line":2,"column":26}},"1":{"start":{"line":4,"column":2},"end":{"line":18,"column":3}},"2":{"start":{"line":8,"column":25},"end":{"line":8,"column":78}},"3":{"start":{"line":9,"column":28},"end":{"line":11,"column":10}},"4":{"start":{"line":12,"column":8},"end":{"line":12,"column":61}},"5":{"start":{"line":13,"column":24},"end":{"line":13,"column":52}},"6":{"start":{"line":14,"column":8},"end":{"line":14,"column":46}},"7":{"start":{"line":15,"column":8},"end":{"line":15,"column":32}},"8":{"start":{"line":20,"column":0},"end":{"line":20,"column":38}}},"fnMap":{"0":{"name":"babelPluginHoistRegex","decl":{"start":{"line":1,"column":9},"end":{"line":1,"column":30}},"loc":{"start":{"line":1,"column":38},"end":{"line":19,"column":1}},"line":1},"1":{"name":"(anonymous_1)","decl":{"start":{"line":7,"column":6},"end":{"line":7,"column":7}},"loc":{"start":{"line":7,"column":26},"end":{"line":16,"column":7}},"line":7}},"branchMap":{},"s":{"0":1,"1":1,"2":6,"3":6,"4":6,"5":6,"6":6,"7":6,"8":1},"f":{"0":1,"1":6},"b":{},"_coverageSchema":"43e27e138ebf9cfc5966b082cf9a028302ed4184","hash":"026edd12f345d38cd2eb6d5730487c38c54c4a72"}
}
