{"/home/ramin/Documents/babel-plugin-hoist-regex/lib/index.js": {"path":"/home/ramin/Documents/babel-plugin-hoist-regex/lib/index.js","statementMap":{"0":{"start":{"line":1,"column":0},"end":{"line":1,"column":60}}},"fnMap":{},"branchMap":{},"s":{"0":1},"f":{},"b":{},"_coverageSchema":"1a1c01bbd47fc00a2c39e90264f33305004495a9","hash":"fba2cb2002d37e88e8eccf0fe0b39b9441d25e72"}
,"/home/ramin/Documents/babel-plugin-hoist-regex/lib/rules/babel-plugin-hoist-regex.js": {"path":"/home/ramin/Documents/babel-plugin-hoist-regex/lib/rules/babel-plugin-hoist-regex.js","statementMap":{"0":{"start":{"line":2,"column":21},"end":{"line":2,"column":74}},"1":{"start":{"line":3,"column":22},"end":{"line":5,"column":4}},"2":{"start":{"line":6,"column":2},"end":{"line":6,"column":57}},"3":{"start":{"line":7,"column":18},"end":{"line":7,"column":46}},"4":{"start":{"line":8,"column":2},"end":{"line":8,"column":40}},"5":{"start":{"line":9,"column":2},"end":{"line":9,"column":26}},"6":{"start":{"line":13,"column":2},"end":{"line":19,"column":3}},"7":{"start":{"line":22,"column":0},"end":{"line":35,"column":1}},"8":{"start":{"line":23,"column":23},"end":{"line":23,"column":28}},"9":{"start":{"line":25,"column":2},"end":{"line":34,"column":3}},"10":{"start":{"line":29,"column":8},"end":{"line":31,"column":9}},"11":{"start":{"line":30,"column":10},"end":{"line":30,"column":34}}},"fnMap":{"0":{"name":"transformRegExp","decl":{"start":{"line":1,"column":9},"end":{"line":1,"column":24}},"loc":{"start":{"line":1,"column":34},"end":{"line":10,"column":1}},"line":1},"1":{"name":"isRegExpWithNew","decl":{"start":{"line":12,"column":9},"end":{"line":12,"column":24}},"loc":{"start":{"line":12,"column":31},"end":{"line":20,"column":1}},"line":12},"2":{"name":"babelPluginHoistRegex","decl":{"start":{"line":22,"column":26},"end":{"line":22,"column":47}},"loc":{"start":{"line":22,"column":55},"end":{"line":35,"column":1}},"line":22},"3":{"name":"(anonymous_3)","decl":{"start":{"line":28,"column":6},"end":{"line":28,"column":7}},"loc":{"start":{"line":28,"column":42},"end":{"line":32,"column":7}},"line":28}},"branchMap":{"0":{"loc":{"start":{"line":14,"column":4},"end":{"line":18,"column":51}},"type":"binary-expr","locations":[{"start":{"line":14,"column":4},"end":{"line":14,"column":33}},{"start":{"line":15,"column":7},"end":{"line":15,"column":40}},{"start":{"line":16,"column":7},"end":{"line":16,"column":36}},{"start":{"line":17,"column":8},"end":{"line":17,"column":50}},{"start":{"line":18,"column":6},"end":{"line":18,"column":50}}],"line":14},"1":{"loc":{"start":{"line":29,"column":8},"end":{"line":31,"column":9}},"type":"if","locations":[{"start":{"line":29,"column":8},"end":{"line":31,"column":9}},{"start":{"line":29,"column":8},"end":{"line":31,"column":9}}],"line":29},"2":{"loc":{"start":{"line":29,"column":12},"end":{"line":29,"column":76}},"type":"binary-expr","locations":[{"start":{"line":29,"column":12},"end":{"line":29,"column":46}},{"start":{"line":29,"column":50},"end":{"line":29,"column":76}}],"line":29}},"s":{"0":6,"1":6,"2":6,"3":6,"4":6,"5":6,"6":3,"7":1,"8":1,"9":1,"10":6,"11":6},"f":{"0":6,"1":3,"2":1,"3":6},"b":{"0":[3,3,3,3,0],"1":[6,0],"2":[6,3]},"_coverageSchema":"1a1c01bbd47fc00a2c39e90264f33305004495a9","hash":"22974f99ab4b07bd132fa6be46d905f9fa71d1b9"}
}
