TN:
SF:lib/index.js
FNF:0
FNH:0
DA:1,1
LF:1
LH:1
BRF:0
BRH:0
end_of_record
TN:
SF:lib/rules/babel-plugin-hoist-regex.js
FN:1,transformRegExp
FN:12,isRegExpWithNew
FN:22,babelPluginHoistRegex
FN:28,(anonymous_3)
FNF:4
FNH:4
FNDA:6,transformRegExp
FNDA:3,isRegExpWithNew
FNDA:1,babelPluginHoistRegex
FNDA:6,(anonymous_3)
DA:2,6
DA:3,6
DA:6,6
DA:7,6
DA:8,6
DA:9,6
DA:13,3
DA:22,1
DA:23,1
DA:25,1
DA:29,6
DA:30,6
LF:12
LH:12
BRDA:14,0,0,3
BRDA:14,0,1,3
BRDA:14,0,2,3
BRDA:14,0,3,3
BRDA:14,0,4,0
BRDA:29,1,0,6
BRDA:29,1,1,0
BRDA:29,2,0,6
BRDA:29,2,1,3
BRF:9
BRH:7
end_of_record
